Terminals unused in grammar

   ':'
   ','
   '.'
   '\''
   '+'
   '-'
   '/'
   '*'
   '%'
   '$'
   '<'
   '>'
   '?'
   '@'
   '{'


Грамматика

    0 $accept: statement_list $end

    1 statement_list: statement_list statement
    2               | /* пусто */

    3 statement: TC_SECTION section_string_or_value ']'
    4          | TC_LABEL '=' string_or_value
    5          | TC_OFFSET option_offset ']' '=' string_or_value
    6          | TC_LABEL
    7          | END_OF_LINE

    8 section_string_or_value: var_string_list_section
    9                        | /* пусто */

   10 string_or_value: expr
   11                | BOOL_TRUE
   12                | BOOL_FALSE
   13                | NULL_NULL
   14                | END_OF_LINE

   15 option_offset: var_string_list
   16              | /* пусто */

   17 encapsed_list: encapsed_list cfg_var_ref
   18              | encapsed_list TC_QUOTED_STRING
   19              | /* пусто */

   20 var_string_list_section: cfg_var_ref
   21                        | constant_literal
   22                        | '"' encapsed_list '"'
   23                        | var_string_list_section cfg_var_ref
   24                        | var_string_list_section constant_literal
   25                        | var_string_list_section '"' encapsed_list '"'

   26 var_string_list: cfg_var_ref
   27                | constant_string
   28                | '"' encapsed_list '"'
   29                | var_string_list cfg_var_ref
   30                | var_string_list constant_string
   31                | var_string_list '"' encapsed_list '"'

   32 expr: var_string_list
   33     | expr '|' expr
   34     | expr '&' expr
   35     | expr '^' expr
   36     | '~' expr
   37     | '!' expr
   38     | '(' expr ')'

   39 cfg_var_ref: TC_DOLLAR_CURLY TC_VARNAME '}'

   40 constant_literal: TC_CONSTANT
   41                 | TC_RAW
   42                 | TC_NUMBER
   43                 | TC_STRING
   44                 | TC_WHITESPACE

   45 constant_string: TC_CONSTANT
   46                | TC_RAW
   47                | TC_NUMBER
   48                | TC_STRING
   49                | TC_WHITESPACE


Терминальные символы с правилами, в которых они появляются

$end (0) 0
'!' (33) 37
'"' (34) 22 25 28 31
'$' (36)
'%' (37)
'&' (38) 34
'\'' (39)
'(' (40) 38
')' (41) 38
'*' (42)
'+' (43)
',' (44)
'-' (45)
'.' (46)
'/' (47)
':' (58)
'<' (60)
'=' (61) 4 5
'>' (62)
'?' (63)
'@' (64)
']' (93) 3 5
'^' (94) 35
'{' (123)
'|' (124) 33
'}' (125) 39
'~' (126) 36
error (256)
TC_SECTION (258) 3
TC_RAW (259) 41 46
TC_CONSTANT (260) 40 45
TC_NUMBER (261) 42 47
TC_STRING (262) 43 48
TC_WHITESPACE (263) 44 49
TC_LABEL (264) 4 6
TC_OFFSET (265) 5
TC_DOLLAR_CURLY (266) 39
TC_VARNAME (267) 39
TC_QUOTED_STRING (268) 18
BOOL_TRUE (269) 11
BOOL_FALSE (270) 12
NULL_NULL (271) 13
END_OF_LINE (272) 7 14


Нетерминальные символы с правилами, в которых они появляются

$accept (44)
    налево: 0
statement_list (45)
    налево: 1 2, направо: 0 1
statement (46)
    налево: 3 4 5 6 7, направо: 1
section_string_or_value (47)
    налево: 8 9, направо: 3
string_or_value (48)
    налево: 10 11 12 13 14, направо: 4 5
option_offset (49)
    налево: 15 16, направо: 5
encapsed_list (50)
    налево: 17 18 19, направо: 17 18 22 25 28 31
var_string_list_section (51)
    налево: 20 21 22 23 24 25, направо: 8 23 24 25
var_string_list (52)
    налево: 26 27 28 29 30 31, направо: 15 29 30 31 32
expr (53)
    налево: 32 33 34 35 36 37 38, направо: 10 33 34 35 36 37 38
cfg_var_ref (54)
    налево: 39, направо: 17 20 23 26 29
constant_literal (55)
    налево: 40 41 42 43 44, направо: 21 24
constant_string (56)
    налево: 45 46 47 48 49, направо: 27 30


состояние 0

    0 $accept: . statement_list $end

    $default  вывод с использованием правила 2 (statement_list)

    statement_list  переход в состояние 1


состояние 1

    0 $accept: statement_list . $end
    1 statement_list: statement_list . statement

    $end         сдвиг, и переход в состояние 2
    TC_SECTION   сдвиг, и переход в состояние 3
    TC_LABEL     сдвиг, и переход в состояние 4
    TC_OFFSET    сдвиг, и переход в состояние 5
    END_OF_LINE  сдвиг, и переход в состояние 6

    statement  переход в состояние 7


состояние 2

    0 $accept: statement_list $end .

    $default  accept


состояние 3

    3 statement: TC_SECTION . section_string_or_value ']'

    TC_RAW           сдвиг, и переход в состояние 8
    TC_CONSTANT      сдвиг, и переход в состояние 9
    TC_NUMBER        сдвиг, и переход в состояние 10
    TC_STRING        сдвиг, и переход в состояние 11
    TC_WHITESPACE    сдвиг, и переход в состояние 12
    TC_DOLLAR_CURLY  сдвиг, и переход в состояние 13
    '"'              сдвиг, и переход в состояние 14

    $default  вывод с использованием правила 9 (section_string_or_value)

    section_string_or_value  переход в состояние 15
    var_string_list_section  переход в состояние 16
    cfg_var_ref              переход в состояние 17
    constant_literal         переход в состояние 18


состояние 4

    4 statement: TC_LABEL . '=' string_or_value
    6          | TC_LABEL .

    '='  сдвиг, и переход в состояние 19

    $default  вывод с использованием правила 6 (statement)


состояние 5

    5 statement: TC_OFFSET . option_offset ']' '=' string_or_value

    TC_RAW           сдвиг, и переход в состояние 20
    TC_CONSTANT      сдвиг, и переход в состояние 21
    TC_NUMBER        сдвиг, и переход в состояние 22
    TC_STRING        сдвиг, и переход в состояние 23
    TC_WHITESPACE    сдвиг, и переход в состояние 24
    TC_DOLLAR_CURLY  сдвиг, и переход в состояние 13
    '"'              сдвиг, и переход в состояние 25

    $default  вывод с использованием правила 16 (option_offset)

    option_offset    переход в состояние 26
    var_string_list  переход в состояние 27
    cfg_var_ref      переход в состояние 28
    constant_string  переход в состояние 29


состояние 6

    7 statement: END_OF_LINE .

    $default  вывод с использованием правила 7 (statement)


состояние 7

    1 statement_list: statement_list statement .

    $default  вывод с использованием правила 1 (statement_list)


состояние 8

   41 constant_literal: TC_RAW .

    $default  вывод с использованием правила 41 (constant_literal)


состояние 9

   40 constant_literal: TC_CONSTANT .

    $default  вывод с использованием правила 40 (constant_literal)


состояние 10

   42 constant_literal: TC_NUMBER .

    $default  вывод с использованием правила 42 (constant_literal)


состояние 11

   43 constant_literal: TC_STRING .

    $default  вывод с использованием правила 43 (constant_literal)


состояние 12

   44 constant_literal: TC_WHITESPACE .

    $default  вывод с использованием правила 44 (constant_literal)


состояние 13

   39 cfg_var_ref: TC_DOLLAR_CURLY . TC_VARNAME '}'

    TC_VARNAME  сдвиг, и переход в состояние 30


состояние 14

   22 var_string_list_section: '"' . encapsed_list '"'

    $default  вывод с использованием правила 19 (encapsed_list)

    encapsed_list  переход в состояние 31


состояние 15

    3 statement: TC_SECTION section_string_or_value . ']'

    ']'  сдвиг, и переход в состояние 32


состояние 16

    8 section_string_or_value: var_string_list_section .
   23 var_string_list_section: var_string_list_section . cfg_var_ref
   24                        | var_string_list_section . constant_literal
   25                        | var_string_list_section . '"' encapsed_list '"'

    TC_RAW           сдвиг, и переход в состояние 8
    TC_CONSTANT      сдвиг, и переход в состояние 9
    TC_NUMBER        сдвиг, и переход в состояние 10
    TC_STRING        сдвиг, и переход в состояние 11
    TC_WHITESPACE    сдвиг, и переход в состояние 12
    TC_DOLLAR_CURLY  сдвиг, и переход в состояние 13
    '"'              сдвиг, и переход в состояние 33

    $default  вывод с использованием правила 8 (section_string_or_value)

    cfg_var_ref       переход в состояние 34
    constant_literal  переход в состояние 35


состояние 17

   20 var_string_list_section: cfg_var_ref .

    $default  вывод с использованием правила 20 (var_string_list_section)


состояние 18

   21 var_string_list_section: constant_literal .

    $default  вывод с использованием правила 21 (var_string_list_section)


состояние 19

    4 statement: TC_LABEL '=' . string_or_value

    TC_RAW           сдвиг, и переход в состояние 20
    TC_CONSTANT      сдвиг, и переход в состояние 21
    TC_NUMBER        сдвиг, и переход в состояние 22
    TC_STRING        сдвиг, и переход в состояние 23
    TC_WHITESPACE    сдвиг, и переход в состояние 24
    TC_DOLLAR_CURLY  сдвиг, и переход в состояние 13
    BOOL_TRUE        сдвиг, и переход в состояние 36
    BOOL_FALSE       сдвиг, и переход в состояние 37
    NULL_NULL        сдвиг, и переход в состояние 38
    END_OF_LINE      сдвиг, и переход в состояние 39
    '"'              сдвиг, и переход в состояние 25
    '~'              сдвиг, и переход в состояние 40
    '!'              сдвиг, и переход в состояние 41
    '('              сдвиг, и переход в состояние 42

    string_or_value  переход в состояние 43
    var_string_list  переход в состояние 44
    expr             переход в состояние 45
    cfg_var_ref      переход в состояние 28
    constant_string  переход в состояние 29


состояние 20

   46 constant_string: TC_RAW .

    $default  вывод с использованием правила 46 (constant_string)


состояние 21

   45 constant_string: TC_CONSTANT .

    $default  вывод с использованием правила 45 (constant_string)


состояние 22

   47 constant_string: TC_NUMBER .

    $default  вывод с использованием правила 47 (constant_string)


состояние 23

   48 constant_string: TC_STRING .

    $default  вывод с использованием правила 48 (constant_string)


состояние 24

   49 constant_string: TC_WHITESPACE .

    $default  вывод с использованием правила 49 (constant_string)


состояние 25

   28 var_string_list: '"' . encapsed_list '"'

    $default  вывод с использованием правила 19 (encapsed_list)

    encapsed_list  переход в состояние 46


состояние 26

    5 statement: TC_OFFSET option_offset . ']' '=' string_or_value

    ']'  сдвиг, и переход в состояние 47


состояние 27

   15 option_offset: var_string_list .
   29 var_string_list: var_string_list . cfg_var_ref
   30                | var_string_list . constant_string
   31                | var_string_list . '"' encapsed_list '"'

    TC_RAW           сдвиг, и переход в состояние 20
    TC_CONSTANT      сдвиг, и переход в состояние 21
    TC_NUMBER        сдвиг, и переход в состояние 22
    TC_STRING        сдвиг, и переход в состояние 23
    TC_WHITESPACE    сдвиг, и переход в состояние 24
    TC_DOLLAR_CURLY  сдвиг, и переход в состояние 13
    '"'              сдвиг, и переход в состояние 48

    $default  вывод с использованием правила 15 (option_offset)

    cfg_var_ref      переход в состояние 49
    constant_string  переход в состояние 50


состояние 28

   26 var_string_list: cfg_var_ref .

    $default  вывод с использованием правила 26 (var_string_list)


состояние 29

   27 var_string_list: constant_string .

    $default  вывод с использованием правила 27 (var_string_list)


состояние 30

   39 cfg_var_ref: TC_DOLLAR_CURLY TC_VARNAME . '}'

    '}'  сдвиг, и переход в состояние 51


состояние 31

   17 encapsed_list: encapsed_list . cfg_var_ref
   18              | encapsed_list . TC_QUOTED_STRING
   22 var_string_list_section: '"' encapsed_list . '"'

    TC_DOLLAR_CURLY   сдвиг, и переход в состояние 13
    TC_QUOTED_STRING  сдвиг, и переход в состояние 52
    '"'               сдвиг, и переход в состояние 53

    cfg_var_ref  переход в состояние 54


состояние 32

    3 statement: TC_SECTION section_string_or_value ']' .

    $default  вывод с использованием правила 3 (statement)


состояние 33

   25 var_string_list_section: var_string_list_section '"' . encapsed_list '"'

    $default  вывод с использованием правила 19 (encapsed_list)

    encapsed_list  переход в состояние 55


состояние 34

   23 var_string_list_section: var_string_list_section cfg_var_ref .

    $default  вывод с использованием правила 23 (var_string_list_section)


состояние 35

   24 var_string_list_section: var_string_list_section constant_literal .

    $default  вывод с использованием правила 24 (var_string_list_section)


состояние 36

   11 string_or_value: BOOL_TRUE .

    $default  вывод с использованием правила 11 (string_or_value)


состояние 37

   12 string_or_value: BOOL_FALSE .

    $default  вывод с использованием правила 12 (string_or_value)


состояние 38

   13 string_or_value: NULL_NULL .

    $default  вывод с использованием правила 13 (string_or_value)


состояние 39

   14 string_or_value: END_OF_LINE .

    $default  вывод с использованием правила 14 (string_or_value)


состояние 40

   36 expr: '~' . expr

    TC_RAW           сдвиг, и переход в состояние 20
    TC_CONSTANT      сдвиг, и переход в состояние 21
    TC_NUMBER        сдвиг, и переход в состояние 22
    TC_STRING        сдвиг, и переход в состояние 23
    TC_WHITESPACE    сдвиг, и переход в состояние 24
    TC_DOLLAR_CURLY  сдвиг, и переход в состояние 13
    '"'              сдвиг, и переход в состояние 25
    '~'              сдвиг, и переход в состояние 40
    '!'              сдвиг, и переход в состояние 41
    '('              сдвиг, и переход в состояние 42

    var_string_list  переход в состояние 44
    expr             переход в состояние 56
    cfg_var_ref      переход в состояние 28
    constant_string  переход в состояние 29


состояние 41

   37 expr: '!' . expr

    TC_RAW           сдвиг, и переход в состояние 20
    TC_CONSTANT      сдвиг, и переход в состояние 21
    TC_NUMBER        сдвиг, и переход в состояние 22
    TC_STRING        сдвиг, и переход в состояние 23
    TC_WHITESPACE    сдвиг, и переход в состояние 24
    TC_DOLLAR_CURLY  сдвиг, и переход в состояние 13
    '"'              сдвиг, и переход в состояние 25
    '~'              сдвиг, и переход в состояние 40
    '!'              сдвиг, и переход в состояние 41
    '('              сдвиг, и переход в состояние 42

    var_string_list  переход в состояние 44
    expr             переход в состояние 57
    cfg_var_ref      переход в состояние 28
    constant_string  переход в состояние 29


состояние 42

   38 expr: '(' . expr ')'

    TC_RAW           сдвиг, и переход в состояние 20
    TC_CONSTANT      сдвиг, и переход в состояние 21
    TC_NUMBER        сдвиг, и переход в состояние 22
    TC_STRING        сдвиг, и переход в состояние 23
    TC_WHITESPACE    сдвиг, и переход в состояние 24
    TC_DOLLAR_CURLY  сдвиг, и переход в состояние 13
    '"'              сдвиг, и переход в состояние 25
    '~'              сдвиг, и переход в состояние 40
    '!'              сдвиг, и переход в состояние 41
    '('              сдвиг, и переход в состояние 42

    var_string_list  переход в состояние 44
    expr             переход в состояние 58
    cfg_var_ref      переход в состояние 28
    constant_string  переход в состояние 29


состояние 43

    4 statement: TC_LABEL '=' string_or_value .

    $default  вывод с использованием правила 4 (statement)


состояние 44

   29 var_string_list: var_string_list . cfg_var_ref
   30                | var_string_list . constant_string
   31                | var_string_list . '"' encapsed_list '"'
   32 expr: var_string_list .

    TC_RAW           сдвиг, и переход в состояние 20
    TC_CONSTANT      сдвиг, и переход в состояние 21
    TC_NUMBER        сдвиг, и переход в состояние 22
    TC_STRING        сдвиг, и переход в состояние 23
    TC_WHITESPACE    сдвиг, и переход в состояние 24
    TC_DOLLAR_CURLY  сдвиг, и переход в состояние 13
    '"'              сдвиг, и переход в состояние 48

    $default  вывод с использованием правила 32 (expr)

    cfg_var_ref      переход в состояние 49
    constant_string  переход в состояние 50


состояние 45

   10 string_or_value: expr .
   33 expr: expr . '|' expr
   34     | expr . '&' expr
   35     | expr . '^' expr

    '^'  сдвиг, и переход в состояние 59
    '|'  сдвиг, и переход в состояние 60
    '&'  сдвиг, и переход в состояние 61

    $default  вывод с использованием правила 10 (string_or_value)


состояние 46

   17 encapsed_list: encapsed_list . cfg_var_ref
   18              | encapsed_list . TC_QUOTED_STRING
   28 var_string_list: '"' encapsed_list . '"'

    TC_DOLLAR_CURLY   сдвиг, и переход в состояние 13
    TC_QUOTED_STRING  сдвиг, и переход в состояние 52
    '"'               сдвиг, и переход в состояние 62

    cfg_var_ref  переход в состояние 54


состояние 47

    5 statement: TC_OFFSET option_offset ']' . '=' string_or_value

    '='  сдвиг, и переход в состояние 63


состояние 48

   31 var_string_list: var_string_list '"' . encapsed_list '"'

    $default  вывод с использованием правила 19 (encapsed_list)

    encapsed_list  переход в состояние 64


состояние 49

   29 var_string_list: var_string_list cfg_var_ref .

    $default  вывод с использованием правила 29 (var_string_list)


состояние 50

   30 var_string_list: var_string_list constant_string .

    $default  вывод с использованием правила 30 (var_string_list)


состояние 51

   39 cfg_var_ref: TC_DOLLAR_CURLY TC_VARNAME '}' .

    $default  вывод с использованием правила 39 (cfg_var_ref)


состояние 52

   18 encapsed_list: encapsed_list TC_QUOTED_STRING .

    $default  вывод с использованием правила 18 (encapsed_list)


состояние 53

   22 var_string_list_section: '"' encapsed_list '"' .

    $default  вывод с использованием правила 22 (var_string_list_section)


состояние 54

   17 encapsed_list: encapsed_list cfg_var_ref .

    $default  вывод с использованием правила 17 (encapsed_list)


состояние 55

   17 encapsed_list: encapsed_list . cfg_var_ref
   18              | encapsed_list . TC_QUOTED_STRING
   25 var_string_list_section: var_string_list_section '"' encapsed_list . '"'

    TC_DOLLAR_CURLY   сдвиг, и переход в состояние 13
    TC_QUOTED_STRING  сдвиг, и переход в состояние 52
    '"'               сдвиг, и переход в состояние 65

    cfg_var_ref  переход в состояние 54


состояние 56

   33 expr: expr . '|' expr
   34     | expr . '&' expr
   35     | expr . '^' expr
   36     | '~' expr .

    $default  вывод с использованием правила 36 (expr)


состояние 57

   33 expr: expr . '|' expr
   34     | expr . '&' expr
   35     | expr . '^' expr
   37     | '!' expr .

    $default  вывод с использованием правила 37 (expr)


состояние 58

   33 expr: expr . '|' expr
   34     | expr . '&' expr
   35     | expr . '^' expr
   38     | '(' expr . ')'

    '^'  сдвиг, и переход в состояние 59
    '|'  сдвиг, и переход в состояние 60
    '&'  сдвиг, и переход в состояние 61
    ')'  сдвиг, и переход в состояние 66


состояние 59

   35 expr: expr '^' . expr

    TC_RAW           сдвиг, и переход в состояние 20
    TC_CONSTANT      сдвиг, и переход в состояние 21
    TC_NUMBER        сдвиг, и переход в состояние 22
    TC_STRING        сдвиг, и переход в состояние 23
    TC_WHITESPACE    сдвиг, и переход в состояние 24
    TC_DOLLAR_CURLY  сдвиг, и переход в состояние 13
    '"'              сдвиг, и переход в состояние 25
    '~'              сдвиг, и переход в состояние 40
    '!'              сдвиг, и переход в состояние 41
    '('              сдвиг, и переход в состояние 42

    var_string_list  переход в состояние 44
    expr             переход в состояние 67
    cfg_var_ref      переход в состояние 28
    constant_string  переход в состояние 29


состояние 60

   33 expr: expr '|' . expr

    TC_RAW           сдвиг, и переход в состояние 20
    TC_CONSTANT      сдвиг, и переход в состояние 21
    TC_NUMBER        сдвиг, и переход в состояние 22
    TC_STRING        сдвиг, и переход в состояние 23
    TC_WHITESPACE    сдвиг, и переход в состояние 24
    TC_DOLLAR_CURLY  сдвиг, и переход в состояние 13
    '"'              сдвиг, и переход в состояние 25
    '~'              сдвиг, и переход в состояние 40
    '!'              сдвиг, и переход в состояние 41
    '('              сдвиг, и переход в состояние 42

    var_string_list  переход в состояние 44
    expr             переход в состояние 68
    cfg_var_ref      переход в состояние 28
    constant_string  переход в состояние 29


состояние 61

   34 expr: expr '&' . expr

    TC_RAW           сдвиг, и переход в состояние 20
    TC_CONSTANT      сдвиг, и переход в состояние 21
    TC_NUMBER        сдвиг, и переход в состояние 22
    TC_STRING        сдвиг, и переход в состояние 23
    TC_WHITESPACE    сдвиг, и переход в состояние 24
    TC_DOLLAR_CURLY  сдвиг, и переход в состояние 13
    '"'              сдвиг, и переход в состояние 25
    '~'              сдвиг, и переход в состояние 40
    '!'              сдвиг, и переход в состояние 41
    '('              сдвиг, и переход в состояние 42

    var_string_list  переход в состояние 44
    expr             переход в состояние 69
    cfg_var_ref      переход в состояние 28
    constant_string  переход в состояние 29


состояние 62

   28 var_string_list: '"' encapsed_list '"' .

    $default  вывод с использованием правила 28 (var_string_list)


состояние 63

    5 statement: TC_OFFSET option_offset ']' '=' . string_or_value

    TC_RAW           сдвиг, и переход в состояние 20
    TC_CONSTANT      сдвиг, и переход в состояние 21
    TC_NUMBER        сдвиг, и переход в состояние 22
    TC_STRING        сдвиг, и переход в состояние 23
    TC_WHITESPACE    сдвиг, и переход в состояние 24
    TC_DOLLAR_CURLY  сдвиг, и переход в состояние 13
    BOOL_TRUE        сдвиг, и переход в состояние 36
    BOOL_FALSE       сдвиг, и переход в состояние 37
    NULL_NULL        сдвиг, и переход в состояние 38
    END_OF_LINE      сдвиг, и переход в состояние 39
    '"'              сдвиг, и переход в состояние 25
    '~'              сдвиг, и переход в состояние 40
    '!'              сдвиг, и переход в состояние 41
    '('              сдвиг, и переход в состояние 42

    string_or_value  переход в состояние 70
    var_string_list  переход в состояние 44
    expr             переход в состояние 45
    cfg_var_ref      переход в состояние 28
    constant_string  переход в состояние 29


состояние 64

   17 encapsed_list: encapsed_list . cfg_var_ref
   18              | encapsed_list . TC_QUOTED_STRING
   31 var_string_list: var_string_list '"' encapsed_list . '"'

    TC_DOLLAR_CURLY   сдвиг, и переход в состояние 13
    TC_QUOTED_STRING  сдвиг, и переход в состояние 52
    '"'               сдвиг, и переход в состояние 71

    cfg_var_ref  переход в состояние 54


состояние 65

   25 var_string_list_section: var_string_list_section '"' encapsed_list '"' .

    $default  вывод с использованием правила 25 (var_string_list_section)


состояние 66

   38 expr: '(' expr ')' .

    $default  вывод с использованием правила 38 (expr)


состояние 67

   33 expr: expr . '|' expr
   34     | expr . '&' expr
   35     | expr . '^' expr
   35     | expr '^' expr .

    $default  вывод с использованием правила 35 (expr)


состояние 68

   33 expr: expr . '|' expr
   33     | expr '|' expr .
   34     | expr . '&' expr
   35     | expr . '^' expr

    $default  вывод с использованием правила 33 (expr)


состояние 69

   33 expr: expr . '|' expr
   34     | expr . '&' expr
   34     | expr '&' expr .
   35     | expr . '^' expr

    $default  вывод с использованием правила 34 (expr)


состояние 70

    5 statement: TC_OFFSET option_offset ']' '=' string_or_value .

    $default  вывод с использованием правила 5 (statement)


состояние 71

   31 var_string_list: var_string_list '"' encapsed_list '"' .

    $default  вывод с использованием правила 31 (var_string_list)
